0 verbose cli C:\Program Files\nodejs\node.exe C:\Program Files\nodejs\node_modules\npm\bin\npm-cli.js
1 info using npm@11.16.0
2 info using node@v24.18.0
3 silly config load:file:C:\Program Files\nodejs\node_modules\npm\npmrc
4 silly config load:file:C:\Users\gabriel.silva.IS.000\Documents\Projetos\Nova pasta (2)\.npmrc
5 silly config load:file:C:\Users\gabriel.silva.IS.000\.npmrc
6 silly config load:file:C:\Users\gabriel.silva.IS.000\AppData\Roaming\npm\etc\npmrc
7 verbose title npm view next version
8 verbose argv "--cache" ".npm-cache" "view" "next" "version"
9 verbose logfile logs-max:10 dir:C:\Users\gabriel.silva.IS.000\Documents\Projetos\Nova pasta (2)\.npm-cache\_logs\2026-07-17T14_51_53_331Z-
10 verbose logfile C:\Users\gabriel.silva.IS.000\Documents\Projetos\Nova pasta (2)\.npm-cache\_logs\2026-07-17T14_51_53_331Z-debug-0.log
11 silly logfile done cleaning log files
12 http fetch GET 200 https://registry.npmjs.org/npm 130ms
13 http fetch GET 200 https://registry.npmjs.org/next 549ms (cache miss)
14 verbose cwd C:\Users\gabriel.silva.IS.000\Documents\Projetos\Nova pasta (2)
15 verbose os Windows_NT 10.0.26200
16 verbose node v24.18.0
17 verbose npm  v11.16.0
18 notice
18 notice New major version of npm available! 11.16.0 -> 12.0.1
18 notice Changelog: https://github.com/npm/cli/releases/tag/v12.0.1
18 notice To update run: npm install -g npm@12.0.1
18 notice  { force: true, Symbol(proc-log.meta): true }
19 verbose exit 0
20 info ok
